TN:
SF:module/helpers/effects.ts
FN:63,onManageActiveEffect
FN:100,prepareActiveEffectCategories
FNF:2
FNH:2
FNDA:6,onManageActiveEffect
FNDA:2,prepareActiveEffectCategories
DA:63,1
DA:64,6
DA:65,6
DA:66,6
DA:67,6
DA:68,6
DA:70,6
DA:72,1
DA:82,2
DA:83,1
DA:84,1
DA:86,1
DA:88,1
DA:89,0
DA:91,1
DA:92,0
DA:94,2
DA:100,1
DA:101,2
DA:119,2
DA:121,2
DA:122,6
DA:123,4
DA:124,2
DA:126,2
LF:25
LH:23
BRDA:68,0,0,3
BRDA:68,0,1,3
BRDA:70,1,0,1
BRDA:70,1,1,2
BRDA:70,1,2,1
BRDA:70,1,3,1
BRDA:78,2,0,1
BRDA:78,2,1,0
BRDA:82,3,0,1
BRDA:88,4,0,1
BRDA:91,5,0,1
BRDA:119,6,0,1
BRDA:119,6,1,1
BRDA:122,7,0,2
BRDA:122,7,1,4
BRDA:123,8,0,2
BRDA:123,8,1,2
BRF:17
BRH:16
end_of_record
